[debug] [2026-01-12T18:47:37.792Z] [Firebase Plugin] Activating Firebase extension.
[debug] [2026-01-12T18:47:39.586Z] [Firebase Plugin] requireAuthWrapper
[debug] [2026-01-12T18:47:39.589Z] > command requires scopes: ["email","openid","https://www.googleapis.com/auth/cloudplatformprojects.readonly","https://www.googleapis.com/auth/firebase","https://www.googleapis.com/auth/cloud-platform"]
[debug] [2026-01-12T18:47:39.589Z] > authorizing via signed-in user (ciprian.rotopanescu@gmail.com)
[debug] [2026-01-12T18:47:39.591Z] Checked if tokens are valid: false, expires at: 1767477437388
[debug] [2026-01-12T18:47:39.591Z] Checked if tokens are valid: false, expires at: 1767477437388
[debug] [2026-01-12T18:47:39.591Z] > refreshing access token with scopes: []
[debug] [2026-01-12T18:47:39.592Z] >>> [apiv2][query] POST https://www.googleapis.com/oauth2/v3/token [none]
[debug] [2026-01-12T18:47:39.593Z] >>> [apiv2][body] POST https://www.googleapis.com/oauth2/v3/token [omitted]
[debug] [2026-01-12T18:47:39.599Z] [Firebase Plugin] VSCode notification server listening on port 40001
[info] [Firebase Plugin] Starting Data Connect toolkit (version 3.0.0) on port 50001
[info] i  dataconnect: downloading dataconnect-emulator-3.0.0.exe... {"metadata":{"emulator":{"name":"dataconnect"},"message":"downloading dataconnect-emulator-3.0.0.exe..."}}
[debug] [2026-01-12T18:47:39.802Z] >>> [apiv2][query] GET https://storage.googleapis.com/firemat-preview-drop/emulator/dataconnect-emulator-windows-amd64-v3.0.0 
[debug] [2026-01-12T18:47:39.869Z] <<< [apiv2][status] POST https://www.googleapis.com/oauth2/v3/token 200
[debug] [2026-01-12T18:47:39.870Z] <<< [apiv2][body] POST https://www.googleapis.com/oauth2/v3/token [omitted]
[debug] [2026-01-12T18:47:39.887Z] [Firebase Plugin] User found:  ciprian.rotopanescu@gmail.com
[info] [Firebase Plugin] (Core:Project) New user detected, fetching projects
[debug] [2026-01-12T18:47:39.888Z] Checked if tokens are valid: true, expires at: 1768247258870
[debug] [2026-01-12T18:47:39.888Z] >>> [apiv2][query] GET https://firebase.googleapis.com/v1beta1/projects pageSize=1000
[debug] [2026-01-12T18:47:40.020Z] <<< [apiv2][status] GET https://storage.googleapis.com/firemat-preview-drop/emulator/dataconnect-emulator-windows-amd64-v3.0.0 200
[debug] [2026-01-12T18:47:40.021Z] <<< [apiv2][body] GET https://storage.googleapis.com/firemat-preview-drop/emulator/dataconnect-emulator-windows-amd64-v3.0.0 [stream]
[debug] [2026-01-12T18:47:40.350Z] <<< [apiv2][status] GET https://firebase.googleapis.com/v1beta1/projects 200
[debug] [2026-01-12T18:47:40.350Z] <<< [apiv2][body] GET https://firebase.googleapis.com/v1beta1/projects [omitted]
[debug] [2026-01-12T18:47:49.975Z] 'fdc build' failed with error: Unable to build your Data Connect schema and connectors (exit code 1): E0112 18:47:49.969523   20272 cmd.go:43] Error loading data connect config: could not find dataconnect.yaml in `c:\Users\Cip\Desktop\OM\dataconnect`
 {"metadata":{"emulator":{"name":"dataconnect"},"message":"'fdc build' failed with error: Unable to build your Data Connect schema and connectors (exit code 1): E0112 18:47:49.969523   20272 cmd.go:43] Error loading data connect config: could not find dataconnect.yaml in `c:\\Users\\Cip\\Desktop\\OM\\dataconnect`\n"}}
[debug] [2026-01-12T18:47:49.976Z] Ignoring unsupported arg: auto_download {"metadata":{"emulator":{"name":"dataconnect"},"message":"Ignoring unsupported arg: auto_download"}}
[debug] [2026-01-12T18:47:49.976Z] Ignoring unsupported arg: port {"metadata":{"emulator":{"name":"dataconnect"},"message":"Ignoring unsupported arg: port"}}
[debug] [2026-01-12T18:47:49.976Z] Starting Data Connect Emulator with command {"binary":"C:\\Users\\Cip\\.cache\\firebase\\emulators\\dataconnect-emulator-3.0.0.exe","args":["--logtostderr","-v=2","dev","--listen=localhost:50001","--config_dir=c:\\Users\\Cip\\Desktop\\OM\\dataconnect","--enable_output_schema_extensions=true","--enable_output_generated_sdk=true"],"optionalArgs":["listen","config_dir","enable_output_schema_extensions","enable_output_generated_sdk"],"joinArgs":true,"shell":false,"port":9399} {"metadata":{"emulator":{"name":"dataconnect"},"message":"Starting Data Connect Emulator with command {\"binary\":\"C:\\\\Users\\\\Cip\\\\.cache\\\\firebase\\\\emulators\\\\dataconnect-emulator-3.0.0.exe\",\"args\":[\"--logtostderr\",\"-v=2\",\"dev\",\"--listen=localhost:50001\",\"--config_dir=c:\\\\Users\\\\Cip\\\\Desktop\\\\OM\\\\dataconnect\",\"--enable_output_schema_extensions=true\",\"--enable_output_generated_sdk=true\"],\"optionalArgs\":[\"listen\",\"config_dir\",\"enable_output_schema_extensions\",\"enable_output_generated_sdk\"],\"joinArgs\":true,\"shell\":false,\"port\":9399}"}}
[info] i  dataconnect: Data Connect Emulator logging to dataconnect-debug.log {"metadata":{"emulator":{"name":"dataconnect"},"message":"Data Connect Emulator logging to \u001b[1mdataconnect-debug.log\u001b[22m"}}
[debug] [2026-01-12T18:47:50.027Z] E0112 18:47:50.027085   12628 dev.go:83] Failed to load initial config from "c:\\Users\\Cip\\Desktop\\OM\\dataconnect": could not find dataconnect.yaml in `c:\Users\Cip\Desktop\OM\dataconnect`
 {"metadata":{"emulator":{"name":"dataconnect"},"message":"E0112 18:47:50.027085   12628 dev.go:83] Failed to load initial config from \"c:\\\\Users\\\\Cip\\\\Desktop\\\\OM\\\\dataconnect\": could not find dataconnect.yaml in `c:\\Users\\Cip\\Desktop\\OM\\dataconnect`\n"}}
[debug] [2026-01-12T18:47:50.028Z] E0112 18:47:50.027606   12628 watch.go:116] watchAllDir unable to walk dir `c:\Users\Cip\Desktop\OM\dataconnect`: CreateFile c:\Users\Cip\Desktop\OM\dataconnect: The system cannot find the file specified.
 {"metadata":{"emulator":{"name":"dataconnect"},"message":"E0112 18:47:50.027606   12628 watch.go:116] watchAllDir unable to walk dir `c:\\Users\\Cip\\Desktop\\OM\\dataconnect`: CreateFile c:\\Users\\Cip\\Desktop\\OM\\dataconnect: The system cannot find the file specified.\n"}}
[debug] [2026-01-12T18:47:50.036Z] I0112 18:47:50.035641   12628 dev.go:104] Listening on address (HTTP + gRPC): 127.0.0.1:50001
 {"metadata":{"emulator":{"name":"dataconnect"},"message":"I0112 18:47:50.035641   12628 dev.go:104] Listening on address (HTTP + gRPC): 127.0.0.1:50001\n"}}
[error] [Firebase Plugin] error:  {}
[debug] [2026-01-12T18:48:00.028Z] E0112 18:48:00.028196   12628 watch.go:40] Failed to load config from "c:\\Users\\Cip\\Desktop\\OM\\dataconnect": could not find dataconnect.yaml in `c:\Users\Cip\Desktop\OM\dataconnect`
 {"metadata":{"emulator":{"name":"dataconnect"},"message":"E0112 18:48:00.028196   12628 watch.go:40] Failed to load config from \"c:\\\\Users\\\\Cip\\\\Desktop\\\\OM\\\\dataconnect\": could not find dataconnect.yaml in `c:\\Users\\Cip\\Desktop\\OM\\dataconnect`\n"}}
[debug] [2026-01-12T18:48:10.028Z] E0112 18:48:10.028502   12628 watch.go:40] Failed to load config from "c:\\Users\\Cip\\Desktop\\OM\\dataconnect": could not find dataconnect.yaml in `c:\Users\Cip\Desktop\OM\dataconnect`
 {"metadata":{"emulator":{"name":"dataconnect"},"message":"E0112 18:48:10.028502   12628 watch.go:40] Failed to load config from \"c:\\\\Users\\\\Cip\\\\Desktop\\\\OM\\\\dataconnect\": could not find dataconnect.yaml in `c:\\Users\\Cip\\Desktop\\OM\\dataconnect`\n"}}
[debug] [2026-01-12T18:48:20.028Z] E0112 18:48:20.028314   12628 watch.go:40] Failed to load config from "c:\\Users\\Cip\\Desktop\\OM\\dataconnect": could not find dataconnect.yaml in `c:\Users\Cip\Desktop\OM\dataconnect`
 {"metadata":{"emulator":{"name":"dataconnect"},"message":"E0112 18:48:20.028314   12628 watch.go:40] Failed to load config from \"c:\\\\Users\\\\Cip\\\\Desktop\\\\OM\\\\dataconnect\": could not find dataconnect.yaml in `c:\\Users\\Cip\\Desktop\\OM\\dataconnect`\n"}}
[debug] [2026-01-12T18:48:30.028Z] E0112 18:48:30.028291   12628 watch.go:40] Failed to load config from "c:\\Users\\Cip\\Desktop\\OM\\dataconnect": could not find dataconnect.yaml in `c:\Users\Cip\Desktop\OM\dataconnect`
 {"metadata":{"emulator":{"name":"dataconnect"},"message":"E0112 18:48:30.028291   12628 watch.go:40] Failed to load config from \"c:\\\\Users\\\\Cip\\\\Desktop\\\\OM\\\\dataconnect\": could not find dataconnect.yaml in `c:\\Users\\Cip\\Desktop\\OM\\dataconnect`\n"}}
[debug] [2026-01-12T18:48:40.028Z] E0112 18:48:40.028405   12628 watch.go:40] Failed to load config from "c:\\Users\\Cip\\Desktop\\OM\\dataconnect": could not find dataconnect.yaml in `c:\Users\Cip\Desktop\OM\dataconnect`
 {"metadata":{"emulator":{"name":"dataconnect"},"message":"E0112 18:48:40.028405   12628 watch.go:40] Failed to load config from \"c:\\\\Users\\\\Cip\\\\Desktop\\\\OM\\\\dataconnect\": could not find dataconnect.yaml in `c:\\Users\\Cip\\Desktop\\OM\\dataconnect`\n"}}
[debug] [2026-01-12T18:48:50.028Z] E0112 18:48:50.028390   12628 watch.go:116] watchAllDir unable to walk dir `c:\Users\Cip\Desktop\OM\dataconnect`: CreateFile c:\Users\Cip\Desktop\OM\dataconnect: The system cannot find the file specified.
 {"metadata":{"emulator":{"name":"dataconnect"},"message":"E0112 18:48:50.028390   12628 watch.go:116] watchAllDir unable to walk dir `c:\\Users\\Cip\\Desktop\\OM\\dataconnect`: CreateFile c:\\Users\\Cip\\Desktop\\OM\\dataconnect: The system cannot find the file specified.\n"}}
[debug] [2026-01-12T18:48:50.029Z] E0112 18:48:50.028390   12628 watch.go:40] Failed to load config from "c:\\Users\\Cip\\Desktop\\OM\\dataconnect": could not find dataconnect.yaml in `c:\Users\Cip\Desktop\OM\dataconnect`
 {"metadata":{"emulator":{"name":"dataconnect"},"message":"E0112 18:48:50.028390   12628 watch.go:40] Failed to load config from \"c:\\\\Users\\\\Cip\\\\Desktop\\\\OM\\\\dataconnect\": could not find dataconnect.yaml in `c:\\Users\\Cip\\Desktop\\OM\\dataconnect`\n"}}
[debug] [2026-01-12T18:49:00.028Z] E0112 18:49:00.028704   12628 watch.go:40] Failed to load config from "c:\\Users\\Cip\\Desktop\\OM\\dataconnect": could not find dataconnect.yaml in `c:\Users\Cip\Desktop\OM\dataconnect`
 {"metadata":{"emulator":{"name":"dataconnect"},"message":"E0112 18:49:00.028704   12628 watch.go:40] Failed to load config from \"c:\\\\Users\\\\Cip\\\\Desktop\\\\OM\\\\dataconnect\": could not find dataconnect.yaml in `c:\\Users\\Cip\\Desktop\\OM\\dataconnect`\n"}}
[debug] [2026-01-12T18:49:10.028Z] E0112 18:49:10.028193   12628 watch.go:40] Failed to load config from "c:\\Users\\Cip\\Desktop\\OM\\dataconnect": could not find dataconnect.yaml in `c:\Users\Cip\Desktop\OM\dataconnect`
 {"metadata":{"emulator":{"name":"dataconnect"},"message":"E0112 18:49:10.028193   12628 watch.go:40] Failed to load config from \"c:\\\\Users\\\\Cip\\\\Desktop\\\\OM\\\\dataconnect\": could not find dataconnect.yaml in `c:\\Users\\Cip\\Desktop\\OM\\dataconnect`\n"}}
[debug] [2026-01-12T18:49:20.028Z] E0112 18:49:20.028374   12628 watch.go:40] Failed to load config from "c:\\Users\\Cip\\Desktop\\OM\\dataconnect": could not find dataconnect.yaml in `c:\Users\Cip\Desktop\OM\dataconnect`
 {"metadata":{"emulator":{"name":"dataconnect"},"message":"E0112 18:49:20.028374   12628 watch.go:40] Failed to load config from \"c:\\\\Users\\\\Cip\\\\Desktop\\\\OM\\\\dataconnect\": could not find dataconnect.yaml in `c:\\Users\\Cip\\Desktop\\OM\\dataconnect`\n"}}
[debug] [2026-01-12T18:49:30.028Z] E0112 18:49:30.028401   12628 watch.go:40] Failed to load config from "c:\\Users\\Cip\\Desktop\\OM\\dataconnect": could not find dataconnect.yaml in `c:\Users\Cip\Desktop\OM\dataconnect`
 {"metadata":{"emulator":{"name":"dataconnect"},"message":"E0112 18:49:30.028401   12628 watch.go:40] Failed to load config from \"c:\\\\Users\\\\Cip\\\\Desktop\\\\OM\\\\dataconnect\": could not find dataconnect.yaml in `c:\\Users\\Cip\\Desktop\\OM\\dataconnect`\n"}}
[debug] [2026-01-12T18:49:40.028Z] E0112 18:49:40.028661   12628 watch.go:40] Failed to load config from "c:\\Users\\Cip\\Desktop\\OM\\dataconnect": could not find dataconnect.yaml in `c:\Users\Cip\Desktop\OM\dataconnect`
 {"metadata":{"emulator":{"name":"dataconnect"},"message":"E0112 18:49:40.028661   12628 watch.go:40] Failed to load config from \"c:\\\\Users\\\\Cip\\\\Desktop\\\\OM\\\\dataconnect\": could not find dataconnect.yaml in `c:\\Users\\Cip\\Desktop\\OM\\dataconnect`\n"}}
[debug] [2026-01-12T18:49:50.028Z] E0112 18:49:50.028693   12628 watch.go:116] watchAllDir unable to walk dir `c:\Users\Cip\Desktop\OM\dataconnect`: CreateFile c:\Users\Cip\Desktop\OM\dataconnect: The system cannot find the file specified.
 {"metadata":{"emulator":{"name":"dataconnect"},"message":"E0112 18:49:50.028693   12628 watch.go:116] watchAllDir unable to walk dir `c:\\Users\\Cip\\Desktop\\OM\\dataconnect`: CreateFile c:\\Users\\Cip\\Desktop\\OM\\dataconnect: The system cannot find the file specified.\n"}}
[debug] [2026-01-12T18:49:50.029Z] E0112 18:49:50.028693   12628 watch.go:40] Failed to load config from "c:\\Users\\Cip\\Desktop\\OM\\dataconnect": could not find dataconnect.yaml in `c:\Users\Cip\Desktop\OM\dataconnect`
 {"metadata":{"emulator":{"name":"dataconnect"},"message":"E0112 18:49:50.028693   12628 watch.go:40] Failed to load config from \"c:\\\\Users\\\\Cip\\\\Desktop\\\\OM\\\\dataconnect\": could not find dataconnect.yaml in `c:\\Users\\Cip\\Desktop\\OM\\dataconnect`\n"}}
[debug] [2026-01-12T18:50:00.029Z] E0112 18:50:00.028236   12628 watch.go:40] Failed to load config from "c:\\Users\\Cip\\Desktop\\OM\\dataconnect": could not find dataconnect.yaml in `c:\Users\Cip\Desktop\OM\dataconnect`
 {"metadata":{"emulator":{"name":"dataconnect"},"message":"E0112 18:50:00.028236   12628 watch.go:40] Failed to load config from \"c:\\\\Users\\\\Cip\\\\Desktop\\\\OM\\\\dataconnect\": could not find dataconnect.yaml in `c:\\Users\\Cip\\Desktop\\OM\\dataconnect`\n"}}
[debug] [2026-01-12T18:50:10.028Z] E0112 18:50:10.028625   12628 watch.go:40] Failed to load config from "c:\\Users\\Cip\\Desktop\\OM\\dataconnect": could not find dataconnect.yaml in `c:\Users\Cip\Desktop\OM\dataconnect`
 {"metadata":{"emulator":{"name":"dataconnect"},"message":"E0112 18:50:10.028625   12628 watch.go:40] Failed to load config from \"c:\\\\Users\\\\Cip\\\\Desktop\\\\OM\\\\dataconnect\": could not find dataconnect.yaml in `c:\\Users\\Cip\\Desktop\\OM\\dataconnect`\n"}}
[debug] [2026-01-12T18:50:20.028Z] E0112 18:50:20.028495   12628 watch.go:40] Failed to load config from "c:\\Users\\Cip\\Desktop\\OM\\dataconnect": could not find dataconnect.yaml in `c:\Users\Cip\Desktop\OM\dataconnect`
 {"metadata":{"emulator":{"name":"dataconnect"},"message":"E0112 18:50:20.028495   12628 watch.go:40] Failed to load config from \"c:\\\\Users\\\\Cip\\\\Desktop\\\\OM\\\\dataconnect\": could not find dataconnect.yaml in `c:\\Users\\Cip\\Desktop\\OM\\dataconnect`\n"}}
[debug] [2026-01-12T18:50:30.028Z] E0112 18:50:30.028311   12628 watch.go:40] Failed to load config from "c:\\Users\\Cip\\Desktop\\OM\\dataconnect": could not find dataconnect.yaml in `c:\Users\Cip\Desktop\OM\dataconnect`
 {"metadata":{"emulator":{"name":"dataconnect"},"message":"E0112 18:50:30.028311   12628 watch.go:40] Failed to load config from \"c:\\\\Users\\\\Cip\\\\Desktop\\\\OM\\\\dataconnect\": could not find dataconnect.yaml in `c:\\Users\\Cip\\Desktop\\OM\\dataconnect`\n"}}
[debug] [2026-01-12T18:50:40.028Z] E0112 18:50:40.028330   12628 watch.go:40] Failed to load config from "c:\\Users\\Cip\\Desktop\\OM\\dataconnect": could not find dataconnect.yaml in `c:\Users\Cip\Desktop\OM\dataconnect`
 {"metadata":{"emulator":{"name":"dataconnect"},"message":"E0112 18:50:40.028330   12628 watch.go:40] Failed to load config from \"c:\\\\Users\\\\Cip\\\\Desktop\\\\OM\\\\dataconnect\": could not find dataconnect.yaml in `c:\\Users\\Cip\\Desktop\\OM\\dataconnect`\n"}}
[debug] [2026-01-12T18:50:50.029Z] E0112 18:50:50.028769   12628 watch.go:116] watchAllDir unable to walk dir `c:\Users\Cip\Desktop\OM\dataconnect`: CreateFile c:\Users\Cip\Desktop\OM\dataconnect: The system cannot find the file specified.
 {"metadata":{"emulator":{"name":"dataconnect"},"message":"E0112 18:50:50.028769   12628 watch.go:116] watchAllDir unable to walk dir `c:\\Users\\Cip\\Desktop\\OM\\dataconnect`: CreateFile c:\\Users\\Cip\\Desktop\\OM\\dataconnect: The system cannot find the file specified.\n"}}
[debug] [2026-01-12T18:50:50.029Z] E0112 18:50:50.028769   12628 watch.go:40] Failed to load config from "c:\\Users\\Cip\\Desktop\\OM\\dataconnect": could not find dataconnect.yaml in `c:\Users\Cip\Desktop\OM\dataconnect`
 {"metadata":{"emulator":{"name":"dataconnect"},"message":"E0112 18:50:50.028769   12628 watch.go:40] Failed to load config from \"c:\\\\Users\\\\Cip\\\\Desktop\\\\OM\\\\dataconnect\": could not find dataconnect.yaml in `c:\\Users\\Cip\\Desktop\\OM\\dataconnect`\n"}}
[debug] [2026-01-12T18:51:00.029Z] E0112 18:51:00.028684   12628 watch.go:40] Failed to load config from "c:\\Users\\Cip\\Desktop\\OM\\dataconnect": could not find dataconnect.yaml in `c:\Users\Cip\Desktop\OM\dataconnect`
 {"metadata":{"emulator":{"name":"dataconnect"},"message":"E0112 18:51:00.028684   12628 watch.go:40] Failed to load config from \"c:\\\\Users\\\\Cip\\\\Desktop\\\\OM\\\\dataconnect\": could not find dataconnect.yaml in `c:\\Users\\Cip\\Desktop\\OM\\dataconnect`\n"}}
[debug] [2026-01-12T18:51:10.029Z] E0112 18:51:10.029091   12628 watch.go:40] Failed to load config from "c:\\Users\\Cip\\Desktop\\OM\\dataconnect": could not find dataconnect.yaml in `c:\Users\Cip\Desktop\OM\dataconnect`
 {"metadata":{"emulator":{"name":"dataconnect"},"message":"E0112 18:51:10.029091   12628 watch.go:40] Failed to load config from \"c:\\\\Users\\\\Cip\\\\Desktop\\\\OM\\\\dataconnect\": could not find dataconnect.yaml in `c:\\Users\\Cip\\Desktop\\OM\\dataconnect`\n"}}
[debug] [2026-01-12T18:51:20.028Z] E0112 18:51:20.028350   12628 watch.go:40] Failed to load config from "c:\\Users\\Cip\\Desktop\\OM\\dataconnect": could not find dataconnect.yaml in `c:\Users\Cip\Desktop\OM\dataconnect`
 {"metadata":{"emulator":{"name":"dataconnect"},"message":"E0112 18:51:20.028350   12628 watch.go:40] Failed to load config from \"c:\\\\Users\\\\Cip\\\\Desktop\\\\OM\\\\dataconnect\": could not find dataconnect.yaml in `c:\\Users\\Cip\\Desktop\\OM\\dataconnect`\n"}}
[debug] [2026-01-12T18:51:30.028Z] E0112 18:51:30.028213   12628 watch.go:40] Failed to load config from "c:\\Users\\Cip\\Desktop\\OM\\dataconnect": could not find dataconnect.yaml in `c:\Users\Cip\Desktop\OM\dataconnect`
 {"metadata":{"emulator":{"name":"dataconnect"},"message":"E0112 18:51:30.028213   12628 watch.go:40] Failed to load config from \"c:\\\\Users\\\\Cip\\\\Desktop\\\\OM\\\\dataconnect\": could not find dataconnect.yaml in `c:\\Users\\Cip\\Desktop\\OM\\dataconnect`\n"}}
[debug] [2026-01-12T18:51:40.029Z] E0112 18:51:40.028703   12628 watch.go:40] Failed to load config from "c:\\Users\\Cip\\Desktop\\OM\\dataconnect": could not find dataconnect.yaml in `c:\Users\Cip\Desktop\OM\dataconnect`
 {"metadata":{"emulator":{"name":"dataconnect"},"message":"E0112 18:51:40.028703   12628 watch.go:40] Failed to load config from \"c:\\\\Users\\\\Cip\\\\Desktop\\\\OM\\\\dataconnect\": could not find dataconnect.yaml in `c:\\Users\\Cip\\Desktop\\OM\\dataconnect`\n"}}
[debug] [2026-01-12T18:51:50.028Z] E0112 18:51:50.028457   12628 watch.go:116] watchAllDir unable to walk dir `c:\Users\Cip\Desktop\OM\dataconnect`: CreateFile c:\Users\Cip\Desktop\OM\dataconnect: The system cannot find the file specified.
 {"metadata":{"emulator":{"name":"dataconnect"},"message":"E0112 18:51:50.028457   12628 watch.go:116] watchAllDir unable to walk dir `c:\\Users\\Cip\\Desktop\\OM\\dataconnect`: CreateFile c:\\Users\\Cip\\Desktop\\OM\\dataconnect: The system cannot find the file specified.\n"}}
[debug] [2026-01-12T18:51:50.029Z] E0112 18:51:50.028457   12628 watch.go:40] Failed to load config from "c:\\Users\\Cip\\Desktop\\OM\\dataconnect": could not find dataconnect.yaml in `c:\Users\Cip\Desktop\OM\dataconnect`
 {"metadata":{"emulator":{"name":"dataconnect"},"message":"E0112 18:51:50.028457   12628 watch.go:40] Failed to load config from \"c:\\\\Users\\\\Cip\\\\Desktop\\\\OM\\\\dataconnect\": could not find dataconnect.yaml in `c:\\Users\\Cip\\Desktop\\OM\\dataconnect`\n"}}
[debug] [2026-01-12T18:52:00.028Z] E0112 18:52:00.028676   12628 watch.go:40] Failed to load config from "c:\\Users\\Cip\\Desktop\\OM\\dataconnect": could not find dataconnect.yaml in `c:\Users\Cip\Desktop\OM\dataconnect`
 {"metadata":{"emulator":{"name":"dataconnect"},"message":"E0112 18:52:00.028676   12628 watch.go:40] Failed to load config from \"c:\\\\Users\\\\Cip\\\\Desktop\\\\OM\\\\dataconnect\": could not find dataconnect.yaml in `c:\\Users\\Cip\\Desktop\\OM\\dataconnect`\n"}}
[debug] [2026-01-12T18:52:10.029Z] E0112 18:52:10.029468   12628 watch.go:40] Failed to load config from "c:\\Users\\Cip\\Desktop\\OM\\dataconnect": could not find dataconnect.yaml in `c:\Users\Cip\Desktop\OM\dataconnect`
 {"metadata":{"emulator":{"name":"dataconnect"},"message":"E0112 18:52:10.029468   12628 watch.go:40] Failed to load config from \"c:\\\\Users\\\\Cip\\\\Desktop\\\\OM\\\\dataconnect\": could not find dataconnect.yaml in `c:\\Users\\Cip\\Desktop\\OM\\dataconnect`\n"}}
[debug] [2026-01-12T18:52:20.028Z] E0112 18:52:20.028406   12628 watch.go:40] Failed to load config from "c:\\Users\\Cip\\Desktop\\OM\\dataconnect": could not find dataconnect.yaml in `c:\Users\Cip\Desktop\OM\dataconnect`
 {"metadata":{"emulator":{"name":"dataconnect"},"message":"E0112 18:52:20.028406   12628 watch.go:40] Failed to load config from \"c:\\\\Users\\\\Cip\\\\Desktop\\\\OM\\\\dataconnect\": could not find dataconnect.yaml in `c:\\Users\\Cip\\Desktop\\OM\\dataconnect`\n"}}
[debug] [2026-01-12T18:52:30.028Z] E0112 18:52:30.028443   12628 watch.go:40] Failed to load config from "c:\\Users\\Cip\\Desktop\\OM\\dataconnect": could not find dataconnect.yaml in `c:\Users\Cip\Desktop\OM\dataconnect`
 {"metadata":{"emulator":{"name":"dataconnect"},"message":"E0112 18:52:30.028443   12628 watch.go:40] Failed to load config from \"c:\\\\Users\\\\Cip\\\\Desktop\\\\OM\\\\dataconnect\": could not find dataconnect.yaml in `c:\\Users\\Cip\\Desktop\\OM\\dataconnect`\n"}}
[debug] [2026-01-12T18:52:40.028Z] E0112 18:52:40.028593   12628 watch.go:40] Failed to load config from "c:\\Users\\Cip\\Desktop\\OM\\dataconnect": could not find dataconnect.yaml in `c:\Users\Cip\Desktop\OM\dataconnect`
 {"metadata":{"emulator":{"name":"dataconnect"},"message":"E0112 18:52:40.028593   12628 watch.go:40] Failed to load config from \"c:\\\\Users\\\\Cip\\\\Desktop\\\\OM\\\\dataconnect\": could not find dataconnect.yaml in `c:\\Users\\Cip\\Desktop\\OM\\dataconnect`\n"}}
[debug] [2026-01-12T18:52:50.028Z] E0112 18:52:50.028508   12628 watch.go:116] watchAllDir unable to walk dir `c:\Users\Cip\Desktop\OM\dataconnect`: CreateFile c:\Users\Cip\Desktop\OM\dataconnect: The system cannot find the file specified.
 {"metadata":{"emulator":{"name":"dataconnect"},"message":"E0112 18:52:50.028508   12628 watch.go:116] watchAllDir unable to walk dir `c:\\Users\\Cip\\Desktop\\OM\\dataconnect`: CreateFile c:\\Users\\Cip\\Desktop\\OM\\dataconnect: The system cannot find the file specified.\n"}}
[debug] [2026-01-12T18:52:50.029Z] E0112 18:52:50.028508   12628 watch.go:40] Failed to load config from "c:\\Users\\Cip\\Desktop\\OM\\dataconnect": could not find dataconnect.yaml in `c:\Users\Cip\Desktop\OM\dataconnect`
 {"metadata":{"emulator":{"name":"dataconnect"},"message":"E0112 18:52:50.028508   12628 watch.go:40] Failed to load config from \"c:\\\\Users\\\\Cip\\\\Desktop\\\\OM\\\\dataconnect\": could not find dataconnect.yaml in `c:\\Users\\Cip\\Desktop\\OM\\dataconnect`\n"}}
[debug] [2026-01-12T18:53:00.028Z] E0112 18:53:00.028419   12628 watch.go:40] Failed to load config from "c:\\Users\\Cip\\Desktop\\OM\\dataconnect": could not find dataconnect.yaml in `c:\Users\Cip\Desktop\OM\dataconnect`
 {"metadata":{"emulator":{"name":"dataconnect"},"message":"E0112 18:53:00.028419   12628 watch.go:40] Failed to load config from \"c:\\\\Users\\\\Cip\\\\Desktop\\\\OM\\\\dataconnect\": could not find dataconnect.yaml in `c:\\Users\\Cip\\Desktop\\OM\\dataconnect`\n"}}
[debug] [2026-01-12T18:53:10.029Z] E0112 18:53:10.028633   12628 watch.go:40] Failed to load config from "c:\\Users\\Cip\\Desktop\\OM\\dataconnect": could not find dataconnect.yaml in `c:\Users\Cip\Desktop\OM\dataconnect`
 {"metadata":{"emulator":{"name":"dataconnect"},"message":"E0112 18:53:10.028633   12628 watch.go:40] Failed to load config from \"c:\\\\Users\\\\Cip\\\\Desktop\\\\OM\\\\dataconnect\": could not find dataconnect.yaml in `c:\\Users\\Cip\\Desktop\\OM\\dataconnect`\n"}}
[debug] [2026-01-12T18:53:20.029Z] E0112 18:53:20.028812   12628 watch.go:40] Failed to load config from "c:\\Users\\Cip\\Desktop\\OM\\dataconnect": could not find dataconnect.yaml in `c:\Users\Cip\Desktop\OM\dataconnect`
 {"metadata":{"emulator":{"name":"dataconnect"},"message":"E0112 18:53:20.028812   12628 watch.go:40] Failed to load config from \"c:\\\\Users\\\\Cip\\\\Desktop\\\\OM\\\\dataconnect\": could not find dataconnect.yaml in `c:\\Users\\Cip\\Desktop\\OM\\dataconnect`\n"}}
[debug] [2026-01-12T18:53:30.028Z] E0112 18:53:30.028634   12628 watch.go:40] Failed to load config from "c:\\Users\\Cip\\Desktop\\OM\\dataconnect": could not find dataconnect.yaml in `c:\Users\Cip\Desktop\OM\dataconnect`
 {"metadata":{"emulator":{"name":"dataconnect"},"message":"E0112 18:53:30.028634   12628 watch.go:40] Failed to load config from \"c:\\\\Users\\\\Cip\\\\Desktop\\\\OM\\\\dataconnect\": could not find dataconnect.yaml in `c:\\Users\\Cip\\Desktop\\OM\\dataconnect`\n"}}
[debug] [2026-01-12T18:53:40.028Z] E0112 18:53:40.028514   12628 watch.go:40] Failed to load config from "c:\\Users\\Cip\\Desktop\\OM\\dataconnect": could not find dataconnect.yaml in `c:\Users\Cip\Desktop\OM\dataconnect`
 {"metadata":{"emulator":{"name":"dataconnect"},"message":"E0112 18:53:40.028514   12628 watch.go:40] Failed to load config from \"c:\\\\Users\\\\Cip\\\\Desktop\\\\OM\\\\dataconnect\": could not find dataconnect.yaml in `c:\\Users\\Cip\\Desktop\\OM\\dataconnect`\n"}}
[debug] [2026-01-12T18:53:50.028Z] E0112 18:53:50.028604   12628 watch.go:116] watchAllDir unable to walk dir `c:\Users\Cip\Desktop\OM\dataconnect`: CreateFile c:\Users\Cip\Desktop\OM\dataconnect: The system cannot find the file specified.
 {"metadata":{"emulator":{"name":"dataconnect"},"message":"E0112 18:53:50.028604   12628 watch.go:116] watchAllDir unable to walk dir `c:\\Users\\Cip\\Desktop\\OM\\dataconnect`: CreateFile c:\\Users\\Cip\\Desktop\\OM\\dataconnect: The system cannot find the file specified.\n"}}
[debug] [2026-01-12T18:53:50.029Z] E0112 18:53:50.028604   12628 watch.go:40] Failed to load config from "c:\\Users\\Cip\\Desktop\\OM\\dataconnect": could not find dataconnect.yaml in `c:\Users\Cip\Desktop\OM\dataconnect`
 {"metadata":{"emulator":{"name":"dataconnect"},"message":"E0112 18:53:50.028604   12628 watch.go:40] Failed to load config from \"c:\\\\Users\\\\Cip\\\\Desktop\\\\OM\\\\dataconnect\": could not find dataconnect.yaml in `c:\\Users\\Cip\\Desktop\\OM\\dataconnect`\n"}}
[debug] [2026-01-12T18:54:00.028Z] E0112 18:54:00.028210   12628 watch.go:40] Failed to load config from "c:\\Users\\Cip\\Desktop\\OM\\dataconnect": could not find dataconnect.yaml in `c:\Users\Cip\Desktop\OM\dataconnect`
 {"metadata":{"emulator":{"name":"dataconnect"},"message":"E0112 18:54:00.028210   12628 watch.go:40] Failed to load config from \"c:\\\\Users\\\\Cip\\\\Desktop\\\\OM\\\\dataconnect\": could not find dataconnect.yaml in `c:\\Users\\Cip\\Desktop\\OM\\dataconnect`\n"}}
[debug] [2026-01-12T18:54:10.028Z] E0112 18:54:10.028788   12628 watch.go:40] Failed to load config from "c:\\Users\\Cip\\Desktop\\OM\\dataconnect": could not find dataconnect.yaml in `c:\Users\Cip\Desktop\OM\dataconnect`
 {"metadata":{"emulator":{"name":"dataconnect"},"message":"E0112 18:54:10.028788   12628 watch.go:40] Failed to load config from \"c:\\\\Users\\\\Cip\\\\Desktop\\\\OM\\\\dataconnect\": could not find dataconnect.yaml in `c:\\Users\\Cip\\Desktop\\OM\\dataconnect`\n"}}
[debug] [2026-01-12T18:54:20.028Z] E0112 18:54:20.028288   12628 watch.go:40] Failed to load config from "c:\\Users\\Cip\\Desktop\\OM\\dataconnect": could not find dataconnect.yaml in `c:\Users\Cip\Desktop\OM\dataconnect`
 {"metadata":{"emulator":{"name":"dataconnect"},"message":"E0112 18:54:20.028288   12628 watch.go:40] Failed to load config from \"c:\\\\Users\\\\Cip\\\\Desktop\\\\OM\\\\dataconnect\": could not find dataconnect.yaml in `c:\\Users\\Cip\\Desktop\\OM\\dataconnect`\n"}}
[debug] [2026-01-12T18:54:30.028Z] E0112 18:54:30.028691   12628 watch.go:40] Failed to load config from "c:\\Users\\Cip\\Desktop\\OM\\dataconnect": could not find dataconnect.yaml in `c:\Users\Cip\Desktop\OM\dataconnect`
 {"metadata":{"emulator":{"name":"dataconnect"},"message":"E0112 18:54:30.028691   12628 watch.go:40] Failed to load config from \"c:\\\\Users\\\\Cip\\\\Desktop\\\\OM\\\\dataconnect\": could not find dataconnect.yaml in `c:\\Users\\Cip\\Desktop\\OM\\dataconnect`\n"}}
[debug] [2026-01-12T18:54:40.028Z] E0112 18:54:40.028185   12628 watch.go:40] Failed to load config from "c:\\Users\\Cip\\Desktop\\OM\\dataconnect": could not find dataconnect.yaml in `c:\Users\Cip\Desktop\OM\dataconnect`
 {"metadata":{"emulator":{"name":"dataconnect"},"message":"E0112 18:54:40.028185   12628 watch.go:40] Failed to load config from \"c:\\\\Users\\\\Cip\\\\Desktop\\\\OM\\\\dataconnect\": could not find dataconnect.yaml in `c:\\Users\\Cip\\Desktop\\OM\\dataconnect`\n"}}
[debug] [2026-01-12T18:54:50.028Z] E0112 18:54:50.028332   12628 watch.go:116] watchAllDir unable to walk dir `c:\Users\Cip\Desktop\OM\dataconnect`: CreateFile c:\Users\Cip\Desktop\OM\dataconnect: The system cannot find the file specified.
E0112 18:54:50.028332   12628 watch.go:40] Failed to load config from "c:\\Users\\Cip\\Desktop\\OM\\dataconnect": could not find dataconnect.yaml in `c:\Users\Cip\Desktop\OM\dataconnect`
 {"metadata":{"emulator":{"name":"dataconnect"},"message":"E0112 18:54:50.028332   12628 watch.go:116] watchAllDir unable to walk dir `c:\\Users\\Cip\\Desktop\\OM\\dataconnect`: CreateFile c:\\Users\\Cip\\Desktop\\OM\\dataconnect: The system cannot find the file specified.\nE0112 18:54:50.028332   12628 watch.go:40] Failed to load config from \"c:\\\\Users\\\\Cip\\\\Desktop\\\\OM\\\\dataconnect\": could not find dataconnect.yaml in `c:\\Users\\Cip\\Desktop\\OM\\dataconnect`\n"}}
[debug] [2026-01-12T18:55:00.029Z] E0112 18:55:00.028656   12628 watch.go:40] Failed to load config from "c:\\Users\\Cip\\Desktop\\OM\\dataconnect": could not find dataconnect.yaml in `c:\Users\Cip\Desktop\OM\dataconnect`
 {"metadata":{"emulator":{"name":"dataconnect"},"message":"E0112 18:55:00.028656   12628 watch.go:40] Failed to load config from \"c:\\\\Users\\\\Cip\\\\Desktop\\\\OM\\\\dataconnect\": could not find dataconnect.yaml in `c:\\Users\\Cip\\Desktop\\OM\\dataconnect`\n"}}
[debug] [2026-01-12T18:55:10.028Z] E0112 18:55:10.028343   12628 watch.go:40] Failed to load config from "c:\\Users\\Cip\\Desktop\\OM\\dataconnect": could not find dataconnect.yaml in `c:\Users\Cip\Desktop\OM\dataconnect`
 {"metadata":{"emulator":{"name":"dataconnect"},"message":"E0112 18:55:10.028343   12628 watch.go:40] Failed to load config from \"c:\\\\Users\\\\Cip\\\\Desktop\\\\OM\\\\dataconnect\": could not find dataconnect.yaml in `c:\\Users\\Cip\\Desktop\\OM\\dataconnect`\n"}}
[debug] [2026-01-12T18:55:20.029Z] E0112 18:55:20.028550   12628 watch.go:40] Failed to load config from "c:\\Users\\Cip\\Desktop\\OM\\dataconnect": could not find dataconnect.yaml in `c:\Users\Cip\Desktop\OM\dataconnect`
 {"metadata":{"emulator":{"name":"dataconnect"},"message":"E0112 18:55:20.028550   12628 watch.go:40] Failed to load config from \"c:\\\\Users\\\\Cip\\\\Desktop\\\\OM\\\\dataconnect\": could not find dataconnect.yaml in `c:\\Users\\Cip\\Desktop\\OM\\dataconnect`\n"}}
[debug] [2026-01-12T18:55:30.028Z] E0112 18:55:30.028310   12628 watch.go:40] Failed to load config from "c:\\Users\\Cip\\Desktop\\OM\\dataconnect": could not find dataconnect.yaml in `c:\Users\Cip\Desktop\OM\dataconnect`
 {"metadata":{"emulator":{"name":"dataconnect"},"message":"E0112 18:55:30.028310   12628 watch.go:40] Failed to load config from \"c:\\\\Users\\\\Cip\\\\Desktop\\\\OM\\\\dataconnect\": could not find dataconnect.yaml in `c:\\Users\\Cip\\Desktop\\OM\\dataconnect`\n"}}
[debug] [2026-01-12T18:55:40.028Z] E0112 18:55:40.028595   12628 watch.go:40] Failed to load config from "c:\\Users\\Cip\\Desktop\\OM\\dataconnect": could not find dataconnect.yaml in `c:\Users\Cip\Desktop\OM\dataconnect`
 {"metadata":{"emulator":{"name":"dataconnect"},"message":"E0112 18:55:40.028595   12628 watch.go:40] Failed to load config from \"c:\\\\Users\\\\Cip\\\\Desktop\\\\OM\\\\dataconnect\": could not find dataconnect.yaml in `c:\\Users\\Cip\\Desktop\\OM\\dataconnect`\n"}}
[debug] [2026-01-12T18:55:50.028Z] E0112 18:55:50.028417   12628 watch.go:116] watchAllDir unable to walk dir `c:\Users\Cip\Desktop\OM\dataconnect`: CreateFile c:\Users\Cip\Desktop\OM\dataconnect: The system cannot find the file specified.
 {"metadata":{"emulator":{"name":"dataconnect"},"message":"E0112 18:55:50.028417   12628 watch.go:116] watchAllDir unable to walk dir `c:\\Users\\Cip\\Desktop\\OM\\dataconnect`: CreateFile c:\\Users\\Cip\\Desktop\\OM\\dataconnect: The system cannot find the file specified.\n"}}
[debug] [2026-01-12T18:55:50.029Z] E0112 18:55:50.028417   12628 watch.go:40] Failed to load config from "c:\\Users\\Cip\\Desktop\\OM\\dataconnect": could not find dataconnect.yaml in `c:\Users\Cip\Desktop\OM\dataconnect`
 {"metadata":{"emulator":{"name":"dataconnect"},"message":"E0112 18:55:50.028417   12628 watch.go:40] Failed to load config from \"c:\\\\Users\\\\Cip\\\\Desktop\\\\OM\\\\dataconnect\": could not find dataconnect.yaml in `c:\\Users\\Cip\\Desktop\\OM\\dataconnect`\n"}}
[debug] [2026-01-12T18:56:00.028Z] E0112 18:56:00.028198   12628 watch.go:40] Failed to load config from "c:\\Users\\Cip\\Desktop\\OM\\dataconnect": could not find dataconnect.yaml in `c:\Users\Cip\Desktop\OM\dataconnect`
 {"metadata":{"emulator":{"name":"dataconnect"},"message":"E0112 18:56:00.028198   12628 watch.go:40] Failed to load config from \"c:\\\\Users\\\\Cip\\\\Desktop\\\\OM\\\\dataconnect\": could not find dataconnect.yaml in `c:\\Users\\Cip\\Desktop\\OM\\dataconnect`\n"}}
[debug] [2026-01-12T18:56:10.028Z] E0112 18:56:10.028207   12628 watch.go:40] Failed to load config from "c:\\Users\\Cip\\Desktop\\OM\\dataconnect": could not find dataconnect.yaml in `c:\Users\Cip\Desktop\OM\dataconnect`
 {"metadata":{"emulator":{"name":"dataconnect"},"message":"E0112 18:56:10.028207   12628 watch.go:40] Failed to load config from \"c:\\\\Users\\\\Cip\\\\Desktop\\\\OM\\\\dataconnect\": could not find dataconnect.yaml in `c:\\Users\\Cip\\Desktop\\OM\\dataconnect`\n"}}
[debug] [2026-01-12T18:56:20.028Z] E0112 18:56:20.028883   12628 watch.go:40] Failed to load config from "c:\\Users\\Cip\\Desktop\\OM\\dataconnect": could not find dataconnect.yaml in `c:\Users\Cip\Desktop\OM\dataconnect`
 {"metadata":{"emulator":{"name":"dataconnect"},"message":"E0112 18:56:20.028883   12628 watch.go:40] Failed to load config from \"c:\\\\Users\\\\Cip\\\\Desktop\\\\OM\\\\dataconnect\": could not find dataconnect.yaml in `c:\\Users\\Cip\\Desktop\\OM\\dataconnect`\n"}}
[debug] [2026-01-12T18:56:30.028Z] E0112 18:56:30.028493   12628 watch.go:40] Failed to load config from "c:\\Users\\Cip\\Desktop\\OM\\dataconnect": could not find dataconnect.yaml in `c:\Users\Cip\Desktop\OM\dataconnect`
 {"metadata":{"emulator":{"name":"dataconnect"},"message":"E0112 18:56:30.028493   12628 watch.go:40] Failed to load config from \"c:\\\\Users\\\\Cip\\\\Desktop\\\\OM\\\\dataconnect\": could not find dataconnect.yaml in `c:\\Users\\Cip\\Desktop\\OM\\dataconnect`\n"}}
[debug] [2026-01-12T18:56:40.028Z] E0112 18:56:40.028526   12628 watch.go:40] Failed to load config from "c:\\Users\\Cip\\Desktop\\OM\\dataconnect": could not find dataconnect.yaml in `c:\Users\Cip\Desktop\OM\dataconnect`
 {"metadata":{"emulator":{"name":"dataconnect"},"message":"E0112 18:56:40.028526   12628 watch.go:40] Failed to load config from \"c:\\\\Users\\\\Cip\\\\Desktop\\\\OM\\\\dataconnect\": could not find dataconnect.yaml in `c:\\Users\\Cip\\Desktop\\OM\\dataconnect`\n"}}
[debug] [2026-01-12T18:56:50.028Z] E0112 18:56:50.028220   12628 watch.go:116] watchAllDir unable to walk dir `c:\Users\Cip\Desktop\OM\dataconnect`: CreateFile c:\Users\Cip\Desktop\OM\dataconnect: The system cannot find the file specified.
 {"metadata":{"emulator":{"name":"dataconnect"},"message":"E0112 18:56:50.028220   12628 watch.go:116] watchAllDir unable to walk dir `c:\\Users\\Cip\\Desktop\\OM\\dataconnect`: CreateFile c:\\Users\\Cip\\Desktop\\OM\\dataconnect: The system cannot find the file specified.\n"}}
[debug] [2026-01-12T18:56:50.028Z] E0112 18:56:50.028220   12628 watch.go:40] Failed to load config from "c:\\Users\\Cip\\Desktop\\OM\\dataconnect": could not find dataconnect.yaml in `c:\Users\Cip\Desktop\OM\dataconnect`
 {"metadata":{"emulator":{"name":"dataconnect"},"message":"E0112 18:56:50.028220   12628 watch.go:40] Failed to load config from \"c:\\\\Users\\\\Cip\\\\Desktop\\\\OM\\\\dataconnect\": could not find dataconnect.yaml in `c:\\Users\\Cip\\Desktop\\OM\\dataconnect`\n"}}
[debug] [2026-01-12T18:57:00.028Z] E0112 18:57:00.028267   12628 watch.go:40] Failed to load config from "c:\\Users\\Cip\\Desktop\\OM\\dataconnect": could not find dataconnect.yaml in `c:\Users\Cip\Desktop\OM\dataconnect`
 {"metadata":{"emulator":{"name":"dataconnect"},"message":"E0112 18:57:00.028267   12628 watch.go:40] Failed to load config from \"c:\\\\Users\\\\Cip\\\\Desktop\\\\OM\\\\dataconnect\": could not find dataconnect.yaml in `c:\\Users\\Cip\\Desktop\\OM\\dataconnect`\n"}}
[debug] [2026-01-12T18:57:10.028Z] E0112 18:57:10.028418   12628 watch.go:40] Failed to load config from "c:\\Users\\Cip\\Desktop\\OM\\dataconnect": could not find dataconnect.yaml in `c:\Users\Cip\Desktop\OM\dataconnect`
 {"metadata":{"emulator":{"name":"dataconnect"},"message":"E0112 18:57:10.028418   12628 watch.go:40] Failed to load config from \"c:\\\\Users\\\\Cip\\\\Desktop\\\\OM\\\\dataconnect\": could not find dataconnect.yaml in `c:\\Users\\Cip\\Desktop\\OM\\dataconnect`\n"}}
[info] [Firebase Plugin] Stopping Data Connect toolkit
[warn] !  Data Connect Emulator has exited upon receiving signal: SIGINT 
[debug] [2026-01-12T18:57:21.582Z] [Firebase Plugin] Activating Firebase extension.
[info] [Firebase Plugin] Checked firebase-tools, is up to date!
[debug] [2026-01-12T18:57:23.627Z] [Firebase Plugin] requireAuthWrapper
[debug] [2026-01-12T18:57:23.629Z] > command requires scopes: ["email","openid","https://www.googleapis.com/auth/cloudplatformprojects.readonly","https://www.googleapis.com/auth/firebase","https://www.googleapis.com/auth/cloud-platform"]
[debug] [2026-01-12T18:57:23.630Z] > authorizing via signed-in user (ciprian.rotopanescu@gmail.com)
[debug] [2026-01-12T18:57:23.632Z] Checked if tokens are valid: true, expires at: 1768247258870
[debug] [2026-01-12T18:57:23.632Z] Checked if tokens are valid: true, expires at: 1768247258870
[debug] [2026-01-12T18:57:23.632Z] [Firebase Plugin] User found:  ciprian.rotopanescu@gmail.com
[info] [Firebase Plugin] (Core:Project) New user detected, fetching projects
[debug] [2026-01-12T18:57:23.633Z] Checked if tokens are valid: true, expires at: 1768247258870
[debug] [2026-01-12T18:57:23.634Z] >>> [apiv2][query] GET https://firebase.googleapis.com/v1beta1/projects pageSize=1000
[debug] [2026-01-12T18:57:23.642Z] [Firebase Plugin] VSCode notification server listening on port 40001
[info] [Firebase Plugin] Starting Data Connect toolkit (version 3.0.0) on port 50001
[debug] [2026-01-12T18:57:23.901Z] 'fdc build' failed with error: Unable to build your Data Connect schema and connectors (exit code 1): E0112 18:57:23.895529   32012 cmd.go:43] Error loading data connect config: could not find dataconnect.yaml in `c:\Users\Cip\Desktop\OM\dataconnect`
 {"metadata":{"emulator":{"name":"dataconnect"},"message":"'fdc build' failed with error: Unable to build your Data Connect schema and connectors (exit code 1): E0112 18:57:23.895529   32012 cmd.go:43] Error loading data connect config: could not find dataconnect.yaml in `c:\\Users\\Cip\\Desktop\\OM\\dataconnect`\n"}}
[debug] [2026-01-12T18:57:23.902Z] Ignoring unsupported arg: auto_download {"metadata":{"emulator":{"name":"dataconnect"},"message":"Ignoring unsupported arg: auto_download"}}
[debug] [2026-01-12T18:57:23.902Z] Ignoring unsupported arg: port {"metadata":{"emulator":{"name":"dataconnect"},"message":"Ignoring unsupported arg: port"}}
[debug] [2026-01-12T18:57:23.902Z] Starting Data Connect Emulator with command {"binary":"C:\\Users\\Cip\\.cache\\firebase\\emulators\\dataconnect-emulator-3.0.0.exe","args":["--logtostderr","-v=2","dev","--listen=localhost:50001","--config_dir=c:\\Users\\Cip\\Desktop\\OM\\dataconnect","--enable_output_schema_extensions=true","--enable_output_generated_sdk=true"],"optionalArgs":["listen","config_dir","enable_output_schema_extensions","enable_output_generated_sdk"],"joinArgs":true,"shell":false,"port":9399} {"metadata":{"emulator":{"name":"dataconnect"},"message":"Starting Data Connect Emulator with command {\"binary\":\"C:\\\\Users\\\\Cip\\\\.cache\\\\firebase\\\\emulators\\\\dataconnect-emulator-3.0.0.exe\",\"args\":[\"--logtostderr\",\"-v=2\",\"dev\",\"--listen=localhost:50001\",\"--config_dir=c:\\\\Users\\\\Cip\\\\Desktop\\\\OM\\\\dataconnect\",\"--enable_output_schema_extensions=true\",\"--enable_output_generated_sdk=true\"],\"optionalArgs\":[\"listen\",\"config_dir\",\"enable_output_schema_extensions\",\"enable_output_generated_sdk\"],\"joinArgs\":true,\"shell\":false,\"port\":9399}"}}
[info] i  dataconnect: Data Connect Emulator logging to dataconnect-debug.log {"metadata":{"emulator":{"name":"dataconnect"},"message":"Data Connect Emulator logging to \u001b[1mdataconnect-debug.log\u001b[22m"}}
[debug] [2026-01-12T18:57:23.927Z] E0112 18:57:23.927385   20232 dev.go:83] Failed to load initial config from "c:\\Users\\Cip\\Desktop\\OM\\dataconnect": could not find dataconnect.yaml in `c:\Users\Cip\Desktop\OM\dataconnect`
 {"metadata":{"emulator":{"name":"dataconnect"},"message":"E0112 18:57:23.927385   20232 dev.go:83] Failed to load initial config from \"c:\\\\Users\\\\Cip\\\\Desktop\\\\OM\\\\dataconnect\": could not find dataconnect.yaml in `c:\\Users\\Cip\\Desktop\\OM\\dataconnect`\n"}}
[debug] [2026-01-12T18:57:23.928Z] E0112 18:57:23.928453   20232 watch.go:116] watchAllDir unable to walk dir `c:\Users\Cip\Desktop\OM\dataconnect`: CreateFile c:\Users\Cip\Desktop\OM\dataconnect: The system cannot find the file specified.
 {"metadata":{"emulator":{"name":"dataconnect"},"message":"E0112 18:57:23.928453   20232 watch.go:116] watchAllDir unable to walk dir `c:\\Users\\Cip\\Desktop\\OM\\dataconnect`: CreateFile c:\\Users\\Cip\\Desktop\\OM\\dataconnect: The system cannot find the file specified.\n"}}
[debug] [2026-01-12T18:57:23.937Z] I0112 18:57:23.937609   20232 dev.go:104] Listening on address (HTTP + gRPC): 127.0.0.1:50001
 {"metadata":{"emulator":{"name":"dataconnect"},"message":"I0112 18:57:23.937609   20232 dev.go:104] Listening on address (HTTP + gRPC): 127.0.0.1:50001\n"}}
[error] [Firebase Plugin] error:  {}
[debug] [2026-01-12T18:57:24.419Z] <<< [apiv2][status] GET https://firebase.googleapis.com/v1beta1/projects 200
[debug] [2026-01-12T18:57:24.419Z] <<< [apiv2][body] GET https://firebase.googleapis.com/v1beta1/projects [omitted]
